Analysis & Synthesis report for group34
Fri May 20 21:03:55 2022
Quartus II 64-Bit Version 13.0.1 Build 232 06/12/2013 Service Pack 1 SJ Web Edition


---------------------
; Table of Contents ;
---------------------
  1. Legal Notice
  2. Analysis & Synthesis Summary
  3. Analysis & Synthesis Settings
  4. Parallel Compilation
  5. Analysis & Synthesis Source Files Read
  6. Analysis & Synthesis Resource Usage Summary
  7. Analysis & Synthesis Resource Utilization by Entity
  8. Analysis & Synthesis IP Cores Summary
  9. General Register Statistics
 10. Parameter Settings for User Entity Instance: T_DECODER:inst1|lpm_decode:LPM_DECODE_component
 11. Parameter Settings for User Entity Instance: SC:inst2|lpm_counter:LPM_COUNTER_component
 12. Parameter Settings for User Entity Instance: INS_DECODER:inst|lpm_decode:LPM_DECODE_component
 13. Parameter Settings for User Entity Instance: INP_DECODER:inst53|lpm_decode:LPM_DECODE_component
 14. Parameter Settings for User Entity Instance: TSF_dec:inst68|lpm_decode:LPM_DECODE_component
 15. Parameter Settings for User Entity Instance: alu_decoder:inst36|lpm_decode:LPM_DECODE_component
 16. Parameter Settings for User Entity Instance: OUT_DECODER:inst59|lpm_decode:LPM_DECODE_component
 17. Parameter Settings for User Entity Instance: PC_data_mux:inst3|LPM_MUX:LPM_MUX_component
 18. Parameter Settings for User Entity Instance: JMR:inst12|lpm_add_sub:LPM_ADD_SUB_component
 19. Parameter Settings for User Entity Instance: lpm_add_sub0:inst76|lpm_add_sub:LPM_ADD_SUB_component
 20. Elapsed Time Per Partition
 21. Analysis & Synthesis Messages



----------------
; Legal Notice ;
----------------
Copyright (C) 1991-2013 Altera Corporation
Your use of Altera Corporation's design tools, logic functions 
and other software and tools, and its AMPP partner logic 
functions, and any output files from any of the foregoing 
(including device programming or simulation files), and any 
associated documentation or information are expressly subject 
to the terms and conditions of the Altera Program License 
Subscription Agreement, Altera MegaCore Function License 
Agreement, or other applicable license agreement, including, 
without limitation, that your use is for the sole purpose of 
programming logic devices manufactured by Altera and sold by 
Altera or its authorized distributors.  Please refer to the 
applicable agreement for further details.



+--------------------------------------------------------------------------------------+
; Analysis & Synthesis Summary                                                         ;
+------------------------------------+-------------------------------------------------+
; Analysis & Synthesis Status        ; Successful - Fri May 20 21:03:55 2022           ;
; Quartus II 64-Bit Version          ; 13.0.1 Build 232 06/12/2013 SP 1 SJ Web Edition ;
; Revision Name                      ; group34                                         ;
; Top-level Entity Name              ; CU_GROUP34                                      ;
; Family                             ; Cyclone III                                     ;
; Total logic elements               ; 69                                              ;
;     Total combinational functions  ; 69                                              ;
;     Dedicated logic registers      ; 3                                               ;
; Total registers                    ; 3                                               ;
; Total pins                         ; 48                                              ;
; Total virtual pins                 ; 0                                               ;
; Total memory bits                  ; 0                                               ;
; Embedded Multiplier 9-bit elements ; 0                                               ;
; Total PLLs                         ; 0                                               ;
+------------------------------------+-------------------------------------------------+


+----------------------------------------------------------------------------------------------------------------------+
; Analysis & Synthesis Settings                                                                                        ;
+----------------------------------------------------------------------------+--------------------+--------------------+
; Option                                                                     ; Setting            ; Default Value      ;
+----------------------------------------------------------------------------+--------------------+--------------------+
; Device                                                                     ; EP3C16F484C6       ;                    ;
; Top-level entity name                                                      ; CU_GROUP34         ; group34            ;
; Family name                                                                ; Cyclone III        ; Cyclone IV GX      ;
; Use smart compilation                                                      ; Off                ; Off                ;
; Enable parallel Assembler and TimeQuest Timing Analyzer during compilation ; On                 ; On                 ;
; Enable compact report table                                                ; Off                ; Off                ;
; Restructure Multiplexers                                                   ; Auto               ; Auto               ;
; Create Debugging Nodes for IP Cores                                        ; Off                ; Off                ;
; Preserve fewer node names                                                  ; On                 ; On                 ;
; Disable OpenCore Plus hardware evaluation                                  ; Off                ; Off                ;
; Verilog Version                                                            ; Verilog_2001       ; Verilog_2001       ;
; VHDL Version                                                               ; VHDL_1993          ; VHDL_1993          ;
; State Machine Processing                                                   ; Auto               ; Auto               ;
; Safe State Machine                                                         ; Off                ; Off                ;
; Extract Verilog State Machines                                             ; On                 ; On                 ;
; Extract VHDL State Machines                                                ; On                 ; On                 ;
; Ignore Verilog initial constructs                                          ; Off                ; Off                ;
; Iteration limit for constant Verilog loops                                 ; 5000               ; 5000               ;
; Iteration limit for non-constant Verilog loops                             ; 250                ; 250                ;
; Add Pass-Through Logic to Inferred RAMs                                    ; On                 ; On                 ;
; Infer RAMs from Raw Logic                                                  ; On                 ; On                 ;
; Parallel Synthesis                                                         ; On                 ; On                 ;
; DSP Block Balancing                                                        ; Auto               ; Auto               ;
; NOT Gate Push-Back                                                         ; On                 ; On                 ;
; Power-Up Don't Care                                                        ; On                 ; On                 ;
; Remove Redundant Logic Cells                                               ; Off                ; Off                ;
; Remove Duplicate Registers                                                 ; On                 ; On                 ;
; Ignore CARRY Buffers                                                       ; Off                ; Off                ;
; Ignore CASCADE Buffers                                                     ; Off                ; Off                ;
; Ignore GLOBAL Buffers                                                      ; Off                ; Off                ;
; Ignore ROW GLOBAL Buffers                                                  ; Off                ; Off                ;
; Ignore LCELL Buffers                                                       ; Off                ; Off                ;
; Ignore SOFT Buffers                                                        ; On                 ; On                 ;
; Limit AHDL Integers to 32 Bits                                             ; Off                ; Off                ;
; Optimization Technique                                                     ; Balanced           ; Balanced           ;
; Carry Chain Length                                                         ; 70                 ; 70                 ;
; Auto Carry Chains                                                          ; On                 ; On                 ;
; Auto Open-Drain Pins                                                       ; On                 ; On                 ;
; Perform WYSIWYG Primitive Resynthesis                                      ; Off                ; Off                ;
; Auto ROM Replacement                                                       ; On                 ; On                 ;
; Auto RAM Replacement                                                       ; On                 ; On                 ;
; Auto DSP Block Replacement                                                 ; On                 ; On                 ;
; Auto Shift Register Replacement                                            ; Auto               ; Auto               ;
; Allow Shift Register Merging across Hierarchies                            ; Auto               ; Auto               ;
; Auto Clock Enable Replacement                                              ; On                 ; On                 ;
; Strict RAM Replacement                                                     ; Off                ; Off                ;
; Allow Synchronous Control Signals                                          ; On                 ; On                 ;
; Force Use of Synchronous Clear Signals                                     ; Off                ; Off                ;
; Auto RAM Block Balancing                                                   ; On                 ; On                 ;
; Auto RAM to Logic Cell Conversion                                          ; Off                ; Off                ;
; Auto Resource Sharing                                                      ; Off                ; Off                ;
; Allow Any RAM Size For Recognition                                         ; Off                ; Off                ;
; Allow Any ROM Size For Recognition                                         ; Off                ; Off                ;
; Allow Any Shift Register Size For Recognition                              ; Off                ; Off                ;
; Use LogicLock Constraints during Resource Balancing                        ; On                 ; On                 ;
; Ignore translate_off and synthesis_off directives                          ; Off                ; Off                ;
; Timing-Driven Synthesis                                                    ; On                 ; On                 ;
; Report Parameter Settings                                                  ; On                 ; On                 ;
; Report Source Assignments                                                  ; On                 ; On                 ;
; Report Connectivity Checks                                                 ; On                 ; On                 ;
; Ignore Maximum Fan-Out Assignments                                         ; Off                ; Off                ;
; Synchronization Register Chain Length                                      ; 2                  ; 2                  ;
; PowerPlay Power Optimization                                               ; Normal compilation ; Normal compilation ;
; HDL message level                                                          ; Level2             ; Level2             ;
; Suppress Register Optimization Related Messages                            ; Off                ; Off                ;
; Number of Removed Registers Reported in Synthesis Report                   ; 5000               ; 5000               ;
; Number of Swept Nodes Reported in Synthesis Report                         ; 5000               ; 5000               ;
; Number of Inverted Registers Reported in Synthesis Report                  ; 100                ; 100                ;
; Clock MUX Protection                                                       ; On                 ; On                 ;
; Auto Gated Clock Conversion                                                ; Off                ; Off                ;
; Block Design Naming                                                        ; Auto               ; Auto               ;
; SDC constraint protection                                                  ; Off                ; Off                ;
; Synthesis Effort                                                           ; Auto               ; Auto               ;
; Shift Register Replacement - Allow Asynchronous Clear Signal               ; On                 ; On                 ;
; Pre-Mapping Resynthesis Optimization                                       ; Off                ; Off                ;
; Analysis & Synthesis Message Level                                         ; Medium             ; Medium             ;
; Disable Register Merging Across Hierarchies                                ; Auto               ; Auto               ;
; Resource Aware Inference For Block RAM                                     ; On                 ; On                 ;
; Synthesis Seed                                                             ; 1                  ; 1                  ;
+----------------------------------------------------------------------------+--------------------+--------------------+


Parallel compilation was disabled, but you have multiple processors available. Enable parallel compilation to reduce compilation time.
+-------------------------------------+
; Parallel Compilation                ;
+----------------------------+--------+
; Processors                 ; Number ;
+----------------------------+--------+
; Number detected on machine ; 8      ;
; Maximum allowed            ; 1      ;
+----------------------------+--------+


+-------------------------------------------------------------------------------------------------------------------------------------------------------------------------------+
; Analysis & Synthesis Source Files Read                                                                                                                                        ;
+----------------------------------+-----------------+------------------------------------+---------------------------------------------------------------------------+---------+
; File Name with User-Entered Path ; Used in Netlist ; File Type                          ; File Name with Absolute Path                                              ; Library ;
+----------------------------------+-----------------+------------------------------------+---------------------------------------------------------------------------+---------+
; CU_GROUP34.bdf                   ; yes             ; User Block Diagram/Schematic File  ; C:/Users/rzhul/Desktop/Quartus/group34/CU_GROUP34.bdf                     ;         ;
; t_decoder.vhd                    ; yes             ; Auto-Found Wizard-Generated File   ; C:/Users/rzhul/Desktop/Quartus/group34/t_decoder.vhd                      ;         ;
; lpm_decode.tdf                   ; yes             ; Megafunction                       ; c:/altera/13.0sp1/quartus/libraries/megafunctions/lpm_decode.tdf          ;         ;
; declut.inc                       ; yes             ; Megafunction                       ; c:/altera/13.0sp1/quartus/libraries/megafunctions/declut.inc              ;         ;
; altshift.inc                     ; yes             ; Megafunction                       ; c:/altera/13.0sp1/quartus/libraries/megafunctions/altshift.inc            ;         ;
; lpm_compare.inc                  ; yes             ; Megafunction                       ; c:/altera/13.0sp1/quartus/libraries/megafunctions/lpm_compare.inc         ;         ;
; lpm_constant.inc                 ; yes             ; Megafunction                       ; c:/altera/13.0sp1/quartus/libraries/megafunctions/lpm_constant.inc        ;         ;
; aglobal130.inc                   ; yes             ; Megafunction                       ; c:/altera/13.0sp1/quartus/libraries/megafunctions/aglobal130.inc          ;         ;
; db/decode_5af.tdf                ; yes             ; Auto-Generated Megafunction        ; C:/Users/rzhul/Desktop/Quartus/group34/db/decode_5af.tdf                  ;         ;
; sc.vhd                           ; yes             ; Auto-Found Wizard-Generated File   ; C:/Users/rzhul/Desktop/Quartus/group34/sc.vhd                             ;         ;
; lpm_counter.tdf                  ; yes             ; Megafunction                       ; c:/altera/13.0sp1/quartus/libraries/megafunctions/lpm_counter.tdf         ;         ;
; lpm_decode.inc                   ; yes             ; Megafunction                       ; c:/altera/13.0sp1/quartus/libraries/megafunctions/lpm_decode.inc          ;         ;
; lpm_add_sub.inc                  ; yes             ; Megafunction                       ; c:/altera/13.0sp1/quartus/libraries/megafunctions/lpm_add_sub.inc         ;         ;
; cmpconst.inc                     ; yes             ; Megafunction                       ; c:/altera/13.0sp1/quartus/libraries/megafunctions/cmpconst.inc            ;         ;
; lpm_counter.inc                  ; yes             ; Megafunction                       ; c:/altera/13.0sp1/quartus/libraries/megafunctions/lpm_counter.inc         ;         ;
; dffeea.inc                       ; yes             ; Megafunction                       ; c:/altera/13.0sp1/quartus/libraries/megafunctions/dffeea.inc              ;         ;
; alt_counter_stratix.inc          ; yes             ; Megafunction                       ; c:/altera/13.0sp1/quartus/libraries/megafunctions/alt_counter_stratix.inc ;         ;
; db/cntr_bri.tdf                  ; yes             ; Auto-Generated Megafunction        ; C:/Users/rzhul/Desktop/Quartus/group34/db/cntr_bri.tdf                    ;         ;
; ins_decoder.vhd                  ; yes             ; Auto-Found Wizard-Generated File   ; C:/Users/rzhul/Desktop/Quartus/group34/ins_decoder.vhd                    ;         ;
; db/decode_lbf.tdf                ; yes             ; Auto-Generated Megafunction        ; C:/Users/rzhul/Desktop/Quartus/group34/db/decode_lbf.tdf                  ;         ;
; inp_decoder.vhd                  ; yes             ; Auto-Found Wizard-Generated File   ; C:/Users/rzhul/Desktop/Quartus/group34/inp_decoder.vhd                    ;         ;
; db/decode_0af.tdf                ; yes             ; Auto-Generated Megafunction        ; C:/Users/rzhul/Desktop/Quartus/group34/db/decode_0af.tdf                  ;         ;
; tsf_dec.vhd                      ; yes             ; Auto-Found Wizard-Generated File   ; C:/Users/rzhul/Desktop/Quartus/group34/tsf_dec.vhd                        ;         ;
; alu_decoder.vhd                  ; yes             ; Auto-Found Wizard-Generated File   ; C:/Users/rzhul/Desktop/Quartus/group34/alu_decoder.vhd                    ;         ;
; out_decoder.vhd                  ; yes             ; Auto-Found Wizard-Generated File   ; C:/Users/rzhul/Desktop/Quartus/group34/out_decoder.vhd                    ;         ;
; pc_data_mux.vhd                  ; yes             ; Auto-Found Wizard-Generated File   ; C:/Users/rzhul/Desktop/Quartus/group34/pc_data_mux.vhd                    ;         ;
; lpm_mux.tdf                      ; yes             ; Megafunction                       ; c:/altera/13.0sp1/quartus/libraries/megafunctions/lpm_mux.tdf             ;         ;
; muxlut.inc                       ; yes             ; Megafunction                       ; c:/altera/13.0sp1/quartus/libraries/megafunctions/muxlut.inc              ;         ;
; bypassff.inc                     ; yes             ; Megafunction                       ; c:/altera/13.0sp1/quartus/libraries/megafunctions/bypassff.inc            ;         ;
; db/mux_l6e.tdf                   ; yes             ; Auto-Generated Megafunction        ; C:/Users/rzhul/Desktop/Quartus/group34/db/mux_l6e.tdf                     ;         ;
; jmr.vhd                          ; yes             ; Auto-Found Wizard-Generated File   ; C:/Users/rzhul/Desktop/Quartus/group34/jmr.vhd                            ;         ;
; lpm_add_sub.tdf                  ; yes             ; Megafunction                       ; c:/altera/13.0sp1/quartus/libraries/megafunctions/lpm_add_sub.tdf         ;         ;
; addcore.inc                      ; yes             ; Megafunction                       ; c:/altera/13.0sp1/quartus/libraries/megafunctions/addcore.inc             ;         ;
; look_add.inc                     ; yes             ; Megafunction                       ; c:/altera/13.0sp1/quartus/libraries/megafunctions/look_add.inc            ;         ;
; alt_stratix_add_sub.inc          ; yes             ; Megafunction                       ; c:/altera/13.0sp1/quartus/libraries/megafunctions/alt_stratix_add_sub.inc ;         ;
; db/add_sub_inh.tdf               ; yes             ; Auto-Generated Megafunction        ; C:/Users/rzhul/Desktop/Quartus/group34/db/add_sub_inh.tdf                 ;         ;
; lpm_add_sub0.vhd                 ; yes             ; Auto-Found Wizard-Generated File   ; C:/Users/rzhul/Desktop/Quartus/group34/lpm_add_sub0.vhd                   ;         ;
; db/add_sub_7sh.tdf               ; yes             ; Auto-Generated Megafunction        ; C:/Users/rzhul/Desktop/Quartus/group34/db/add_sub_7sh.tdf                 ;         ;
+----------------------------------+-----------------+------------------------------------+---------------------------------------------------------------------------+---------+


+-----------------------------------------------------------+
; Analysis & Synthesis Resource Usage Summary               ;
+---------------------------------------------+-------------+
; Resource                                    ; Usage       ;
+---------------------------------------------+-------------+
; Estimated Total logic elements              ; 69          ;
;                                             ;             ;
; Total combinational functions               ; 69          ;
; Logic element usage by number of LUT inputs ;             ;
;     -- 4 input functions                    ; 32          ;
;     -- 3 input functions                    ; 23          ;
;     -- <=2 input functions                  ; 14          ;
;                                             ;             ;
; Logic elements by mode                      ;             ;
;     -- normal mode                          ; 59          ;
;     -- arithmetic mode                      ; 10          ;
;                                             ;             ;
; Total registers                             ; 3           ;
;     -- Dedicated logic registers            ; 3           ;
;     -- I/O registers                        ; 0           ;
;                                             ;             ;
; I/O pins                                    ; 48          ;
; Embedded Multiplier 9-bit elements          ; 0           ;
; Maximum fan-out node                        ; IR[8]~input ;
; Maximum fan-out                             ; 14          ;
; Total fan-out                               ; 306         ;
; Average fan-out                             ; 1.82        ;
+---------------------------------------------+-------------+


+---------------------------------------------------------------------------------------------------------------------------------------------------------------------------------------------------------------------------------------------------------------------+
; Analysis & Synthesis Resource Utilization by Entity                                                                                                                                                                                                                 ;
+-------------------------------------------+-------------------+--------------+-------------+--------------+---------+-----------+------+--------------+----------------------------------------------------------------------------------------------+--------------+
; Compilation Hierarchy Node                ; LC Combinationals ; LC Registers ; Memory Bits ; DSP Elements ; DSP 9x9 ; DSP 18x18 ; Pins ; Virtual Pins ; Full Hierarchy Name                                                                          ; Library Name ;
+-------------------------------------------+-------------------+--------------+-------------+--------------+---------+-----------+------+--------------+----------------------------------------------------------------------------------------------+--------------+
; |CU_GROUP34                               ; 69 (36)           ; 3 (0)        ; 0           ; 0            ; 0       ; 0         ; 48   ; 0            ; |CU_GROUP34                                                                                  ; work         ;
;    |INS_DECODER:inst|                     ; 2 (0)             ; 0 (0)        ; 0           ; 0            ; 0       ; 0         ; 0    ; 0            ; |CU_GROUP34|INS_DECODER:inst                                                                 ; work         ;
;       |lpm_decode:LPM_DECODE_component|   ; 2 (0)             ; 0 (0)        ; 0           ; 0            ; 0       ; 0         ; 0    ; 0            ; |CU_GROUP34|INS_DECODER:inst|lpm_decode:LPM_DECODE_component                                 ; work         ;
;          |decode_lbf:auto_generated|      ; 2 (2)             ; 0 (0)        ; 0           ; 0            ; 0       ; 0         ; 0    ; 0            ; |CU_GROUP34|INS_DECODER:inst|lpm_decode:LPM_DECODE_component|decode_lbf:auto_generated       ; work         ;
;    |JMR:inst12|                           ; 5 (0)             ; 0 (0)        ; 0           ; 0            ; 0       ; 0         ; 0    ; 0            ; |CU_GROUP34|JMR:inst12                                                                       ; work         ;
;       |lpm_add_sub:LPM_ADD_SUB_component| ; 5 (0)             ; 0 (0)        ; 0           ; 0            ; 0       ; 0         ; 0    ; 0            ; |CU_GROUP34|JMR:inst12|lpm_add_sub:LPM_ADD_SUB_component                                     ; work         ;
;          |add_sub_inh:auto_generated|     ; 5 (5)             ; 0 (0)        ; 0           ; 0            ; 0       ; 0         ; 0    ; 0            ; |CU_GROUP34|JMR:inst12|lpm_add_sub:LPM_ADD_SUB_component|add_sub_inh:auto_generated          ; work         ;
;    |PC_data_mux:inst3|                    ; 14 (0)            ; 0 (0)        ; 0           ; 0            ; 0       ; 0         ; 0    ; 0            ; |CU_GROUP34|PC_data_mux:inst3                                                                ; work         ;
;       |lpm_mux:LPM_MUX_component|         ; 14 (0)            ; 0 (0)        ; 0           ; 0            ; 0       ; 0         ; 0    ; 0            ; |CU_GROUP34|PC_data_mux:inst3|lpm_mux:LPM_MUX_component                                      ; work         ;
;          |mux_l6e:auto_generated|         ; 14 (14)           ; 0 (0)        ; 0           ; 0            ; 0       ; 0         ; 0    ; 0            ; |CU_GROUP34|PC_data_mux:inst3|lpm_mux:LPM_MUX_component|mux_l6e:auto_generated               ; work         ;
;    |SC:inst2|                             ; 3 (0)             ; 3 (0)        ; 0           ; 0            ; 0       ; 0         ; 0    ; 0            ; |CU_GROUP34|SC:inst2                                                                         ; work         ;
;       |lpm_counter:LPM_COUNTER_component| ; 3 (0)             ; 3 (0)        ; 0           ; 0            ; 0       ; 0         ; 0    ; 0            ; |CU_GROUP34|SC:inst2|lpm_counter:LPM_COUNTER_component                                       ; work         ;
;          |cntr_bri:auto_generated|        ; 3 (3)             ; 3 (3)        ; 0           ; 0            ; 0       ; 0         ; 0    ; 0            ; |CU_GROUP34|SC:inst2|lpm_counter:LPM_COUNTER_component|cntr_bri:auto_generated               ; work         ;
;    |T_DECODER:inst1|                      ; 4 (0)             ; 0 (0)        ; 0           ; 0            ; 0       ; 0         ; 0    ; 0            ; |CU_GROUP34|T_DECODER:inst1                                                                  ; work         ;
;       |lpm_decode:LPM_DECODE_component|   ; 4 (0)             ; 0 (0)        ; 0           ; 0            ; 0       ; 0         ; 0    ; 0            ; |CU_GROUP34|T_DECODER:inst1|lpm_decode:LPM_DECODE_component                                  ; work         ;
;          |decode_5af:auto_generated|      ; 4 (4)             ; 0 (0)        ; 0           ; 0            ; 0       ; 0         ; 0    ; 0            ; |CU_GROUP34|T_DECODER:inst1|lpm_decode:LPM_DECODE_component|decode_5af:auto_generated        ; work         ;
;    |lpm_add_sub0:inst76|                  ; 5 (0)             ; 0 (0)        ; 0           ; 0            ; 0       ; 0         ; 0    ; 0            ; |CU_GROUP34|lpm_add_sub0:inst76                                                              ; work         ;
;       |lpm_add_sub:LPM_ADD_SUB_component| ; 5 (0)             ; 0 (0)        ; 0           ; 0            ; 0       ; 0         ; 0    ; 0            ; |CU_GROUP34|lpm_add_sub0:inst76|lpm_add_sub:LPM_ADD_SUB_component                            ; work         ;
;          |add_sub_7sh:auto_generated|     ; 5 (5)             ; 0 (0)        ; 0           ; 0            ; 0       ; 0         ; 0    ; 0            ; |CU_GROUP34|lpm_add_sub0:inst76|lpm_add_sub:LPM_ADD_SUB_component|add_sub_7sh:auto_generated ; work         ;
+-------------------------------------------+-------------------+--------------+-------------+--------------+---------+-----------+------+--------------+----------------------------------------------------------------------------------------------+--------------+
Note: For table entries with two numbers listed, the numbers in parentheses indicate the number of resources of the given type used by the specific entity alone. The numbers listed outside of parentheses indicate the total resources of the given type used by the specific entity and all of its sub-entities in the hierarchy.


+-----------------------------------------------------------------------------------------------------------------------------------------------------------+
; Analysis & Synthesis IP Cores Summary                                                                                                                     ;
+--------+--------------+---------+--------------+--------------+---------------------------------+---------------------------------------------------------+
; Vendor ; IP Core Name ; Version ; Release Date ; License Type ; Entity Instance                 ; IP Include File                                         ;
+--------+--------------+---------+--------------+--------------+---------------------------------+---------------------------------------------------------+
; Altera ; LPM_DECODE   ; N/A     ; N/A          ; N/A          ; |CU_GROUP34|INS_DECODER:inst    ; C:/Users/rzhul/Desktop/Quartus/group34/ins_decoder.vhd  ;
; Altera ; LPM_DECODE   ; N/A     ; N/A          ; N/A          ; |CU_GROUP34|T_DECODER:inst1     ; C:/Users/rzhul/Desktop/Quartus/group34/t_decoder.vhd    ;
; Altera ; LPM_COUNTER  ; N/A     ; N/A          ; N/A          ; |CU_GROUP34|SC:inst2            ; C:/Users/rzhul/Desktop/Quartus/group34/sc.vhd           ;
; Altera ; LPM_MUX      ; N/A     ; N/A          ; N/A          ; |CU_GROUP34|PC_data_mux:inst3   ; C:/Users/rzhul/Desktop/Quartus/group34/pc_data_mux.vhd  ;
; Altera ; LPM_ADD_SUB  ; N/A     ; N/A          ; N/A          ; |CU_GROUP34|JMR:inst12          ; C:/Users/rzhul/Desktop/Quartus/group34/jmr.vhd          ;
; Altera ; LPM_DECODE   ; N/A     ; N/A          ; N/A          ; |CU_GROUP34|alu_decoder:inst36  ; C:/Users/rzhul/Desktop/Quartus/group34/alu_decoder.vhd  ;
; Altera ; LPM_DECODE   ; N/A     ; N/A          ; N/A          ; |CU_GROUP34|INP_DECODER:inst53  ; C:/Users/rzhul/Desktop/Quartus/group34/inp_decoder.vhd  ;
; Altera ; LPM_DECODE   ; N/A     ; N/A          ; N/A          ; |CU_GROUP34|OUT_DECODER:inst59  ; C:/Users/rzhul/Desktop/Quartus/group34/out_decoder.vhd  ;
; Altera ; LPM_DECODE   ; N/A     ; N/A          ; N/A          ; |CU_GROUP34|TSF_dec:inst68      ; C:/Users/rzhul/Desktop/Quartus/group34/tsf_dec.vhd      ;
; Altera ; LPM_ADD_SUB  ; N/A     ; N/A          ; N/A          ; |CU_GROUP34|lpm_add_sub0:inst76 ; C:/Users/rzhul/Desktop/Quartus/group34/lpm_add_sub0.vhd ;
+--------+--------------+---------+--------------+--------------+---------------------------------+---------------------------------------------------------+


+------------------------------------------------------+
; General Register Statistics                          ;
+----------------------------------------------+-------+
; Statistic                                    ; Value ;
+----------------------------------------------+-------+
; Total registers                              ; 3     ;
; Number of registers using Synchronous Clear  ; 0     ;
; Number of registers using Synchronous Load   ; 3     ;
; Number of registers using Asynchronous Clear ; 0     ;
; Number of registers using Asynchronous Load  ; 0     ;
; Number of registers using Clock Enable       ; 0     ;
; Number of registers using Preset             ; 0     ;
+----------------------------------------------+-------+


+----------------------------------------------------------------------------------------------+
; Parameter Settings for User Entity Instance: T_DECODER:inst1|lpm_decode:LPM_DECODE_component ;
+------------------------+-------------+-------------------------------------------------------+
; Parameter Name         ; Value       ; Type                                                  ;
+------------------------+-------------+-------------------------------------------------------+
; LPM_WIDTH              ; 3           ; Signed Integer                                        ;
; LPM_DECODES            ; 8           ; Signed Integer                                        ;
; LPM_PIPELINE           ; 0           ; Untyped                                               ;
; CASCADE_CHAIN          ; MANUAL      ; Untyped                                               ;
; DEVICE_FAMILY          ; Cyclone III ; Untyped                                               ;
; CBXI_PARAMETER         ; decode_5af  ; Untyped                                               ;
; AUTO_CARRY_CHAINS      ; ON          ; AUTO_CARRY                                            ;
; IGNORE_CARRY_BUFFERS   ; OFF         ; IGNORE_CARRY                                          ;
; AUTO_CASCADE_CHAINS    ; ON          ; AUTO_CASCADE                                          ;
; IGNORE_CASCADE_BUFFERS ; OFF         ; IGNORE_CASCADE                                        ;
+------------------------+-------------+-------------------------------------------------------+
Note: In order to hide this table in the UI and the text report file, please set the "Show Parameter Settings in Synthesis Report" option in "Analysis and Synthesis Settings -> More Settings" to "Off".


+-----------------------------------------------------------------------------------------+
; Parameter Settings for User Entity Instance: SC:inst2|lpm_counter:LPM_COUNTER_component ;
+------------------------+-------------+--------------------------------------------------+
; Parameter Name         ; Value       ; Type                                             ;
+------------------------+-------------+--------------------------------------------------+
; AUTO_CARRY_CHAINS      ; ON          ; AUTO_CARRY                                       ;
; IGNORE_CARRY_BUFFERS   ; OFF         ; IGNORE_CARRY                                     ;
; AUTO_CASCADE_CHAINS    ; ON          ; AUTO_CASCADE                                     ;
; IGNORE_CASCADE_BUFFERS ; OFF         ; IGNORE_CASCADE                                   ;
; LPM_WIDTH              ; 3           ; Signed Integer                                   ;
; LPM_DIRECTION          ; UP          ; Untyped                                          ;
; LPM_MODULUS            ; 0           ; Untyped                                          ;
; LPM_AVALUE             ; UNUSED      ; Untyped                                          ;
; LPM_SVALUE             ; UNUSED      ; Untyped                                          ;
; LPM_PORT_UPDOWN        ; PORT_UNUSED ; Untyped                                          ;
; DEVICE_FAMILY          ; Cyclone III ; Untyped                                          ;
; CARRY_CHAIN            ; MANUAL      ; Untyped                                          ;
; CARRY_CHAIN_LENGTH     ; 48          ; CARRY_CHAIN_LENGTH                               ;
; NOT_GATE_PUSH_BACK     ; ON          ; NOT_GATE_PUSH_BACK                               ;
; CARRY_CNT_EN           ; SMART       ; Untyped                                          ;
; LABWIDE_SCLR           ; ON          ; Untyped                                          ;
; USE_NEW_VERSION        ; TRUE        ; Untyped                                          ;
; CBXI_PARAMETER         ; cntr_bri    ; Untyped                                          ;
+------------------------+-------------+--------------------------------------------------+
Note: In order to hide this table in the UI and the text report file, please set the "Show Parameter Settings in Synthesis Report" option in "Analysis and Synthesis Settings -> More Settings" to "Off".


+-----------------------------------------------------------------------------------------------+
; Parameter Settings for User Entity Instance: INS_DECODER:inst|lpm_decode:LPM_DECODE_component ;
+------------------------+-------------+--------------------------------------------------------+
; Parameter Name         ; Value       ; Type                                                   ;
+------------------------+-------------+--------------------------------------------------------+
; LPM_WIDTH              ; 4           ; Signed Integer                                         ;
; LPM_DECODES            ; 16          ; Signed Integer                                         ;
; LPM_PIPELINE           ; 0           ; Untyped                                                ;
; CASCADE_CHAIN          ; MANUAL      ; Untyped                                                ;
; DEVICE_FAMILY          ; Cyclone III ; Untyped                                                ;
; CBXI_PARAMETER         ; decode_lbf  ; Untyped                                                ;
; AUTO_CARRY_CHAINS      ; ON          ; AUTO_CARRY                                             ;
; IGNORE_CARRY_BUFFERS   ; OFF         ; IGNORE_CARRY                                           ;
; AUTO_CASCADE_CHAINS    ; ON          ; AUTO_CASCADE                                           ;
; IGNORE_CASCADE_BUFFERS ; OFF         ; IGNORE_CASCADE                                         ;
+------------------------+-------------+--------------------------------------------------------+
Note: In order to hide this table in the UI and the text report file, please set the "Show Parameter Settings in Synthesis Report" option in "Analysis and Synthesis Settings -> More Settings" to "Off".


+-------------------------------------------------------------------------------------------------+
; Parameter Settings for User Entity Instance: INP_DECODER:inst53|lpm_decode:LPM_DECODE_component ;
+------------------------+-------------+----------------------------------------------------------+
; Parameter Name         ; Value       ; Type                                                     ;
+------------------------+-------------+----------------------------------------------------------+
; LPM_WIDTH              ; 2           ; Signed Integer                                           ;
; LPM_DECODES            ; 4           ; Signed Integer                                           ;
; LPM_PIPELINE           ; 0           ; Untyped                                                  ;
; CASCADE_CHAIN          ; MANUAL      ; Untyped                                                  ;
; DEVICE_FAMILY          ; Cyclone III ; Untyped                                                  ;
; CBXI_PARAMETER         ; decode_0af  ; Untyped                                                  ;
; AUTO_CARRY_CHAINS      ; ON          ; AUTO_CARRY                                               ;
; IGNORE_CARRY_BUFFERS   ; OFF         ; IGNORE_CARRY                                             ;
; AUTO_CASCADE_CHAINS    ; ON          ; AUTO_CASCADE                                             ;
; IGNORE_CASCADE_BUFFERS ; OFF         ; IGNORE_CASCADE                                           ;
+------------------------+-------------+----------------------------------------------------------+
Note: In order to hide this table in the UI and the text report file, please set the "Show Parameter Settings in Synthesis Report" option in "Analysis and Synthesis Settings -> More Settings" to "Off".


+---------------------------------------------------------------------------------------------+
; Parameter Settings for User Entity Instance: TSF_dec:inst68|lpm_decode:LPM_DECODE_component ;
+------------------------+-------------+------------------------------------------------------+
; Parameter Name         ; Value       ; Type                                                 ;
+------------------------+-------------+------------------------------------------------------+
; LPM_WIDTH              ; 2           ; Signed Integer                                       ;
; LPM_DECODES            ; 4           ; Signed Integer                                       ;
; LPM_PIPELINE           ; 0           ; Untyped                                              ;
; CASCADE_CHAIN          ; MANUAL      ; Untyped                                              ;
; DEVICE_FAMILY          ; Cyclone III ; Untyped                                              ;
; CBXI_PARAMETER         ; decode_0af  ; Untyped                                              ;
; AUTO_CARRY_CHAINS      ; ON          ; AUTO_CARRY                                           ;
; IGNORE_CARRY_BUFFERS   ; OFF         ; IGNORE_CARRY                                         ;
; AUTO_CASCADE_CHAINS    ; ON          ; AUTO_CASCADE                                         ;
; IGNORE_CASCADE_BUFFERS ; OFF         ; IGNORE_CASCADE                                       ;
+------------------------+-------------+------------------------------------------------------+
Note: In order to hide this table in the UI and the text report file, please set the "Show Parameter Settings in Synthesis Report" option in "Analysis and Synthesis Settings -> More Settings" to "Off".


+-------------------------------------------------------------------------------------------------+
; Parameter Settings for User Entity Instance: alu_decoder:inst36|lpm_decode:LPM_DECODE_component ;
+------------------------+-------------+----------------------------------------------------------+
; Parameter Name         ; Value       ; Type                                                     ;
+------------------------+-------------+----------------------------------------------------------+
; LPM_WIDTH              ; 2           ; Signed Integer                                           ;
; LPM_DECODES            ; 4           ; Signed Integer                                           ;
; LPM_PIPELINE           ; 0           ; Untyped                                                  ;
; CASCADE_CHAIN          ; MANUAL      ; Untyped                                                  ;
; DEVICE_FAMILY          ; Cyclone III ; Untyped                                                  ;
; CBXI_PARAMETER         ; decode_0af  ; Untyped                                                  ;
; AUTO_CARRY_CHAINS      ; ON          ; AUTO_CARRY                                               ;
; IGNORE_CARRY_BUFFERS   ; OFF         ; IGNORE_CARRY                                             ;
; AUTO_CASCADE_CHAINS    ; ON          ; AUTO_CASCADE                                             ;
; IGNORE_CASCADE_BUFFERS ; OFF         ; IGNORE_CASCADE                                           ;
+------------------------+-------------+----------------------------------------------------------+
Note: In order to hide this table in the UI and the text report file, please set the "Show Parameter Settings in Synthesis Report" option in "Analysis and Synthesis Settings -> More Settings" to "Off".


+-------------------------------------------------------------------------------------------------+
; Parameter Settings for User Entity Instance: OUT_DECODER:inst59|lpm_decode:LPM_DECODE_component ;
+------------------------+-------------+----------------------------------------------------------+
; Parameter Name         ; Value       ; Type                                                     ;
+------------------------+-------------+----------------------------------------------------------+
; LPM_WIDTH              ; 2           ; Signed Integer                                           ;
; LPM_DECODES            ; 4           ; Signed Integer                                           ;
; LPM_PIPELINE           ; 0           ; Untyped                                                  ;
; CASCADE_CHAIN          ; MANUAL      ; Untyped                                                  ;
; DEVICE_FAMILY          ; Cyclone III ; Untyped                                                  ;
; CBXI_PARAMETER         ; decode_0af  ; Untyped                                                  ;
; AUTO_CARRY_CHAINS      ; ON          ; AUTO_CARRY                                               ;
; IGNORE_CARRY_BUFFERS   ; OFF         ; IGNORE_CARRY                                             ;
; AUTO_CASCADE_CHAINS    ; ON          ; AUTO_CASCADE                                             ;
; IGNORE_CASCADE_BUFFERS ; OFF         ; IGNORE_CASCADE                                           ;
+------------------------+-------------+----------------------------------------------------------+
Note: In order to hide this table in the UI and the text report file, please set the "Show Parameter Settings in Synthesis Report" option in "Analysis and Synthesis Settings -> More Settings" to "Off".


+------------------------------------------------------------------------------------------+
; Parameter Settings for User Entity Instance: PC_data_mux:inst3|LPM_MUX:LPM_MUX_component ;
+------------------------+-------------+---------------------------------------------------+
; Parameter Name         ; Value       ; Type                                              ;
+------------------------+-------------+---------------------------------------------------+
; AUTO_CARRY_CHAINS      ; ON          ; AUTO_CARRY                                        ;
; IGNORE_CARRY_BUFFERS   ; OFF         ; IGNORE_CARRY                                      ;
; AUTO_CASCADE_CHAINS    ; ON          ; AUTO_CASCADE                                      ;
; IGNORE_CASCADE_BUFFERS ; OFF         ; IGNORE_CASCADE                                    ;
; LPM_WIDTH              ; 5           ; Signed Integer                                    ;
; LPM_SIZE               ; 8           ; Signed Integer                                    ;
; LPM_WIDTHS             ; 3           ; Signed Integer                                    ;
; LPM_PIPELINE           ; 0           ; Signed Integer                                    ;
; CBXI_PARAMETER         ; mux_l6e     ; Untyped                                           ;
; DEVICE_FAMILY          ; Cyclone III ; Untyped                                           ;
+------------------------+-------------+---------------------------------------------------+
Note: In order to hide this table in the UI and the text report file, please set the "Show Parameter Settings in Synthesis Report" option in "Analysis and Synthesis Settings -> More Settings" to "Off".


+-------------------------------------------------------------------------------------------+
; Parameter Settings for User Entity Instance: JMR:inst12|lpm_add_sub:LPM_ADD_SUB_component ;
+------------------------+-------------+----------------------------------------------------+
; Parameter Name         ; Value       ; Type                                               ;
+------------------------+-------------+----------------------------------------------------+
; LPM_WIDTH              ; 5           ; Signed Integer                                     ;
; LPM_REPRESENTATION     ; UNSIGNED    ; Untyped                                            ;
; LPM_DIRECTION          ; ADD         ; Untyped                                            ;
; ONE_INPUT_IS_CONSTANT  ; NO          ; Untyped                                            ;
; LPM_PIPELINE           ; 0           ; Untyped                                            ;
; MAXIMIZE_SPEED         ; 5           ; Untyped                                            ;
; REGISTERED_AT_END      ; 0           ; Untyped                                            ;
; OPTIMIZE_FOR_SPEED     ; 5           ; Untyped                                            ;
; USE_CS_BUFFERS         ; 1           ; Untyped                                            ;
; CARRY_CHAIN            ; MANUAL      ; Untyped                                            ;
; CARRY_CHAIN_LENGTH     ; 48          ; CARRY_CHAIN_LENGTH                                 ;
; DEVICE_FAMILY          ; Cyclone III ; Untyped                                            ;
; USE_WYS                ; OFF         ; Untyped                                            ;
; STYLE                  ; FAST        ; Untyped                                            ;
; CBXI_PARAMETER         ; add_sub_inh ; Untyped                                            ;
; AUTO_CARRY_CHAINS      ; ON          ; AUTO_CARRY                                         ;
; IGNORE_CARRY_BUFFERS   ; OFF         ; IGNORE_CARRY                                       ;
; AUTO_CASCADE_CHAINS    ; ON          ; AUTO_CASCADE                                       ;
; IGNORE_CASCADE_BUFFERS ; OFF         ; IGNORE_CASCADE                                     ;
+------------------------+-------------+----------------------------------------------------+
Note: In order to hide this table in the UI and the text report file, please set the "Show Parameter Settings in Synthesis Report" option in "Analysis and Synthesis Settings -> More Settings" to "Off".


+----------------------------------------------------------------------------------------------------+
; Parameter Settings for User Entity Instance: lpm_add_sub0:inst76|lpm_add_sub:LPM_ADD_SUB_component ;
+------------------------+-------------+-------------------------------------------------------------+
; Parameter Name         ; Value       ; Type                                                        ;
+------------------------+-------------+-------------------------------------------------------------+
; LPM_WIDTH              ; 5           ; Signed Integer                                              ;
; LPM_REPRESENTATION     ; UNSIGNED    ; Untyped                                                     ;
; LPM_DIRECTION          ; SUB         ; Untyped                                                     ;
; ONE_INPUT_IS_CONSTANT  ; YES         ; Untyped                                                     ;
; LPM_PIPELINE           ; 0           ; Untyped                                                     ;
; MAXIMIZE_SPEED         ; 5           ; Untyped                                                     ;
; REGISTERED_AT_END      ; 0           ; Untyped                                                     ;
; OPTIMIZE_FOR_SPEED     ; 5           ; Untyped                                                     ;
; USE_CS_BUFFERS         ; 1           ; Untyped                                                     ;
; CARRY_CHAIN            ; MANUAL      ; Untyped                                                     ;
; CARRY_CHAIN_LENGTH     ; 48          ; CARRY_CHAIN_LENGTH                                          ;
; DEVICE_FAMILY          ; Cyclone III ; Untyped                                                     ;
; USE_WYS                ; OFF         ; Untyped                                                     ;
; STYLE                  ; FAST        ; Untyped                                                     ;
; CBXI_PARAMETER         ; add_sub_7sh ; Untyped                                                     ;
; AUTO_CARRY_CHAINS      ; ON          ; AUTO_CARRY                                                  ;
; IGNORE_CARRY_BUFFERS   ; OFF         ; IGNORE_CARRY                                                ;
; AUTO_CASCADE_CHAINS    ; ON          ; AUTO_CASCADE                                                ;
; IGNORE_CASCADE_BUFFERS ; OFF         ; IGNORE_CASCADE                                              ;
+------------------------+-------------+-------------------------------------------------------------+
Note: In order to hide this table in the UI and the text report file, please set the "Show Parameter Settings in Synthesis Report" option in "Analysis and Synthesis Settings -> More Settings" to "Off".


+-------------------------------+
; Elapsed Time Per Partition    ;
+----------------+--------------+
; Partition Name ; Elapsed Time ;
+----------------+--------------+
; Top            ; 00:00:00     ;
+----------------+--------------+


+-------------------------------+
; Analysis & Synthesis Messages ;
+-------------------------------+
Info: *******************************************************************
Info: Running Quartus II 64-Bit Analysis & Synthesis
    Info: Version 13.0.1 Build 232 06/12/2013 Service Pack 1 SJ Web Edition
    Info: Processing started: Fri May 20 21:03:53 2022
Info: Command: quartus_map --read_settings_files=on --write_settings_files=off group34 -c group34
Warning (20028): Parallel compilation is not licensed and has been disabled
Info (12021): Found 1 design units, including 1 entities, in source file deuarc_group34.bdf
    Info (12023): Found entity 1: DEUARC_group34
Info (12021): Found 1 design units, including 1 entities, in source file cu_group34.bdf
    Info (12023): Found entity 1: CU_GROUP34
Info (12127): Elaborating entity "CU_GROUP34" for the top level hierarchy
Warning (12125): Using design file t_decoder.vhd, which is not specified as a design file for the current project, but contains definitions for 2 design units and 1 entities in project
    Info (12022): Found design unit 1: t_decoder-SYN
    Info (12023): Found entity 1: T_DECODER
Info (12128): Elaborating entity "T_DECODER" for hierarchy "T_DECODER:inst1"
Info (12128): Elaborating entity "lpm_decode" for hierarchy "T_DECODER:inst1|lpm_decode:LPM_DECODE_component"
Info (12130): Elaborated megafunction instantiation "T_DECODER:inst1|lpm_decode:LPM_DECODE_component"
Info (12133): Instantiated megafunction "T_DECODER:inst1|lpm_decode:LPM_DECODE_component" with the following parameter:
    Info (12134): Parameter "lpm_decodes" = "8"
    Info (12134): Parameter "lpm_type" = "LPM_DECODE"
    Info (12134): Parameter "lpm_width" = "3"
Info (12021): Found 1 design units, including 1 entities, in source file db/decode_5af.tdf
    Info (12023): Found entity 1: decode_5af
Info (12128): Elaborating entity "decode_5af" for hierarchy "T_DECODER:inst1|lpm_decode:LPM_DECODE_component|decode_5af:auto_generated"
Warning (12125): Using design file sc.vhd, which is not specified as a design file for the current project, but contains definitions for 2 design units and 1 entities in project
    Info (12022): Found design unit 1: sc-SYN
    Info (12023): Found entity 1: SC
Info (12128): Elaborating entity "SC" for hierarchy "SC:inst2"
Info (12128): Elaborating entity "lpm_counter" for hierarchy "SC:inst2|lpm_counter:LPM_COUNTER_component"
Info (12130): Elaborated megafunction instantiation "SC:inst2|lpm_counter:LPM_COUNTER_component"
Info (12133): Instantiated megafunction "SC:inst2|lpm_counter:LPM_COUNTER_component" with the following parameter:
    Info (12134): Parameter "lpm_direction" = "UP"
    Info (12134): Parameter "lpm_port_updown" = "PORT_UNUSED"
    Info (12134): Parameter "lpm_type" = "LPM_COUNTER"
    Info (12134): Parameter "lpm_width" = "3"
Info (12021): Found 1 design units, including 1 entities, in source file db/cntr_bri.tdf
    Info (12023): Found entity 1: cntr_bri
Info (12128): Elaborating entity "cntr_bri" for hierarchy "SC:inst2|lpm_counter:LPM_COUNTER_component|cntr_bri:auto_generated"
Warning (12125): Using design file ins_decoder.vhd, which is not specified as a design file for the current project, but contains definitions for 2 design units and 1 entities in project
    Info (12022): Found design unit 1: ins_decoder-SYN
    Info (12023): Found entity 1: INS_DECODER
Info (12128): Elaborating entity "INS_DECODER" for hierarchy "INS_DECODER:inst"
Info (12128): Elaborating entity "lpm_decode" for hierarchy "INS_DECODER:inst|lpm_decode:LPM_DECODE_component"
Info (12130): Elaborated megafunction instantiation "INS_DECODER:inst|lpm_decode:LPM_DECODE_component"
Info (12133): Instantiated megafunction "INS_DECODER:inst|lpm_decode:LPM_DECODE_component" with the following parameter:
    Info (12134): Parameter "lpm_decodes" = "16"
    Info (12134): Parameter "lpm_type" = "LPM_DECODE"
    Info (12134): Parameter "lpm_width" = "4"
Info (12021): Found 1 design units, including 1 entities, in source file db/decode_lbf.tdf
    Info (12023): Found entity 1: decode_lbf
Info (12128): Elaborating entity "decode_lbf" for hierarchy "INS_DECODER:inst|lpm_decode:LPM_DECODE_component|decode_lbf:auto_generated"
Warning (12125): Using design file inp_decoder.vhd, which is not specified as a design file for the current project, but contains definitions for 2 design units and 1 entities in project
    Info (12022): Found design unit 1: inp_decoder-SYN
    Info (12023): Found entity 1: INP_DECODER
Info (12128): Elaborating entity "INP_DECODER" for hierarchy "INP_DECODER:inst53"
Info (12128): Elaborating entity "lpm_decode" for hierarchy "INP_DECODER:inst53|lpm_decode:LPM_DECODE_component"
Info (12130): Elaborated megafunction instantiation "INP_DECODER:inst53|lpm_decode:LPM_DECODE_component"
Info (12133): Instantiated megafunction "INP_DECODER:inst53|lpm_decode:LPM_DECODE_component" with the following parameter:
    Info (12134): Parameter "lpm_decodes" = "4"
    Info (12134): Parameter "lpm_type" = "LPM_DECODE"
    Info (12134): Parameter "lpm_width" = "2"
Info (12021): Found 1 design units, including 1 entities, in source file db/decode_0af.tdf
    Info (12023): Found entity 1: decode_0af
Info (12128): Elaborating entity "decode_0af" for hierarchy "INP_DECODER:inst53|lpm_decode:LPM_DECODE_component|decode_0af:auto_generated"
Warning (12125): Using design file tsf_dec.vhd, which is not specified as a design file for the current project, but contains definitions for 2 design units and 1 entities in project
    Info (12022): Found design unit 1: tsf_dec-SYN
    Info (12023): Found entity 1: TSF_dec
Info (12128): Elaborating entity "TSF_dec" for hierarchy "TSF_dec:inst68"
Warning (12125): Using design file alu_decoder.vhd, which is not specified as a design file for the current project, but contains definitions for 2 design units and 1 entities in project
    Info (12022): Found design unit 1: alu_decoder-SYN
    Info (12023): Found entity 1: alu_decoder
Info (12128): Elaborating entity "alu_decoder" for hierarchy "alu_decoder:inst36"
Warning (12125): Using design file out_decoder.vhd, which is not specified as a design file for the current project, but contains definitions for 2 design units and 1 entities in project
    Info (12022): Found design unit 1: out_decoder-SYN
    Info (12023): Found entity 1: OUT_DECODER
Info (12128): Elaborating entity "OUT_DECODER" for hierarchy "OUT_DECODER:inst59"
Warning (12125): Using design file pc_data_mux.vhd, which is not specified as a design file for the current project, but contains definitions for 2 design units and 1 entities in project
    Info (12022): Found design unit 1: pc_data_mux-SYN
    Info (12023): Found entity 1: PC_data_mux
Info (12128): Elaborating entity "PC_data_mux" for hierarchy "PC_data_mux:inst3"
Info (12128): Elaborating entity "LPM_MUX" for hierarchy "PC_data_mux:inst3|LPM_MUX:LPM_MUX_component"
Info (12130): Elaborated megafunction instantiation "PC_data_mux:inst3|LPM_MUX:LPM_MUX_component"
Info (12133): Instantiated megafunction "PC_data_mux:inst3|LPM_MUX:LPM_MUX_component" with the following parameter:
    Info (12134): Parameter "LPM_WIDTH" = "5"
    Info (12134): Parameter "LPM_SIZE" = "8"
    Info (12134): Parameter "LPM_WIDTHS" = "3"
    Info (12134): Parameter "LPM_PIPELINE" = "0"
    Info (12134): Parameter "LPM_TYPE" = "LPM_MUX"
    Info (12134): Parameter "LPM_HINT" = "UNUSED"
Info (12021): Found 1 design units, including 1 entities, in source file db/mux_l6e.tdf
    Info (12023): Found entity 1: mux_l6e
Info (12128): Elaborating entity "mux_l6e" for hierarchy "PC_data_mux:inst3|LPM_MUX:LPM_MUX_component|mux_l6e:auto_generated"
Warning (12125): Using design file jmr.vhd, which is not specified as a design file for the current project, but contains definitions for 2 design units and 1 entities in project
    Info (12022): Found design unit 1: jmr-SYN
    Info (12023): Found entity 1: JMR
Info (12128): Elaborating entity "JMR" for hierarchy "JMR:inst12"
Info (12128): Elaborating entity "lpm_add_sub" for hierarchy "JMR:inst12|lpm_add_sub:LPM_ADD_SUB_component"
Info (12130): Elaborated megafunction instantiation "JMR:inst12|lpm_add_sub:LPM_ADD_SUB_component"
Info (12133): Instantiated megafunction "JMR:inst12|lpm_add_sub:LPM_ADD_SUB_component" with the following parameter:
    Info (12134): Parameter "lpm_direction" = "ADD"
    Info (12134): Parameter "lpm_hint" = "ONE_INPUT_IS_CONSTANT=NO,CIN_USED=NO"
    Info (12134): Parameter "lpm_representation" = "UNSIGNED"
    Info (12134): Parameter "lpm_type" = "LPM_ADD_SUB"
    Info (12134): Parameter "lpm_width" = "5"
Info (12021): Found 1 design units, including 1 entities, in source file db/add_sub_inh.tdf
    Info (12023): Found entity 1: add_sub_inh
Info (12128): Elaborating entity "add_sub_inh" for hierarchy "JMR:inst12|lpm_add_sub:LPM_ADD_SUB_component|add_sub_inh:auto_generated"
Warning (12125): Using design file lpm_add_sub0.vhd, which is not specified as a design file for the current project, but contains definitions for 2 design units and 1 entities in project
    Info (12022): Found design unit 1: lpm_add_sub0-SYN
    Info (12023): Found entity 1: lpm_add_sub0
Info (12128): Elaborating entity "lpm_add_sub0" for hierarchy "lpm_add_sub0:inst76"
Info (12128): Elaborating entity "lpm_add_sub" for hierarchy "lpm_add_sub0:inst76|lpm_add_sub:LPM_ADD_SUB_component"
Info (12130): Elaborated megafunction instantiation "lpm_add_sub0:inst76|lpm_add_sub:LPM_ADD_SUB_component"
Info (12133): Instantiated megafunction "lpm_add_sub0:inst76|lpm_add_sub:LPM_ADD_SUB_component" with the following parameter:
    Info (12134): Parameter "lpm_direction" = "SUB"
    Info (12134): Parameter "lpm_hint" = "ONE_INPUT_IS_CONSTANT=YES,CIN_USED=NO"
    Info (12134): Parameter "lpm_representation" = "UNSIGNED"
    Info (12134): Parameter "lpm_type" = "LPM_ADD_SUB"
    Info (12134): Parameter "lpm_width" = "5"
Info (12021): Found 1 design units, including 1 entities, in source file db/add_sub_7sh.tdf
    Info (12023): Found entity 1: add_sub_7sh
Info (12128): Elaborating entity "add_sub_7sh" for hierarchy "lpm_add_sub0:inst76|lpm_add_sub:LPM_ADD_SUB_component|add_sub_7sh:auto_generated"
Info (286030): Timing-Driven Synthesis is running
Info (16010): Generating hard_block partition "hard_block:auto_generated_inst"
    Info (16011): Adding 0 node(s), including 0 DDIO, 0 PLL, 0 transceiver and 0 LCELL
Info (21057): Implemented 117 device resources after synthesis - the final resource count might be different
    Info (21058): Implemented 23 input pins
    Info (21059): Implemented 25 output pins
    Info (21061): Implemented 69 logic cells
Info: Quartus II 64-Bit Analysis & Synthesis was successful. 0 errors, 11 warnings
    Info: Peak virtual memory: 4638 megabytes
    Info: Processing ended: Fri May 20 21:03:55 2022
    Info: Elapsed time: 00:00:02
    Info: Total CPU time (on all processors): 00:00:02


